2024-06-12T14:18:24.356+05:00  INFO 21044 --- [main] com.kn.auth.Application                  : Starting Application using Java 17.0.9 with PID 21044 (C:\Users\User\IdeaProjects\MarketPlace\awesome-ecommerce-project\service\Authorization\service\auth\build\classes\java\main started by User in C:\Users\User\IdeaProjects\MarketPlace\awesome-ecommerce-project\service\Authorization\service)
2024-06-12T14:18:24.369+05:00  INFO 21044 --- [main] com.kn.auth.Application                  : No active profile set, falling back to 1 default profile: "default"
2024-06-12T14:18:26.814+05:00  INFO 21044 --- [main] .s.d.r.c.RepositoryConfigurationDelegate : Bootstrapping Spring Data JPA repositories in DEFAULT mode.
2024-06-12T14:18:27.130+05:00  INFO 21044 --- [main] .s.d.r.c.RepositoryConfigurationDelegate : Finished Spring Data repository scanning in 296 ms. Found 19 JPA repository interfaces.
2024-06-12T14:18:29.070+05:00  INFO 21044 --- [main] o.s.b.w.embedded.tomcat.TomcatWebServer  : Tomcat initialized with port(s): 8080 (http)
2024-06-12T14:18:29.095+05:00  INFO 21044 --- [main] o.apache.catalina.core.StandardService   : Starting service [Tomcat]
2024-06-12T14:18:29.096+05:00  INFO 21044 --- [main] o.apache.catalina.core.StandardEngine    : Starting Servlet engine: [Apache Tomcat/10.1.15]
2024-06-12T14:18:29.310+05:00  INFO 21044 --- [main] o.a.c.c.C.[Tomcat].[localhost].[/api]    : Initializing Spring embedded WebApplicationContext
2024-06-12T14:18:29.311+05:00  INFO 21044 --- [main] w.s.c.ServletWebServerApplicationContext : Root WebApplicationContext: initialization completed in 4832 ms
2024-06-12T14:18:30.249+05:00  INFO 21044 --- [main] o.f.c.internal.license.VersionPrinter    : Flyway Community Edition 9.16.3 by Redgate
2024-06-12T14:18:30.250+05:00  INFO 21044 --- [main] o.f.c.internal.license.VersionPrinter    : See release notes here: https://rd.gt/416ObMi
2024-06-12T14:18:30.250+05:00  INFO 21044 --- [main] o.f.c.internal.license.VersionPrinter    : 
2024-06-12T14:18:32.107+05:00  INFO 21044 --- [main] o.f.c.i.database.base.BaseDatabaseType   : Database: jdbc:mysql://104.248.234.194:3306/db (MySQL 8.4)
2024-06-12T14:18:33.821+05:00  WARN 21044 --- [main] o.f.c.internal.database.base.Database    : Flyway upgrade recommended: MySQL 8.4 is newer than this version of Flyway and support has not been tested. The latest supported version of MySQL is 8.0.
2024-06-12T14:18:35.065+05:00  INFO 21044 --- [main] o.f.core.internal.command.DbValidate     : Successfully validated 6 migrations (execution time 00:01.064s)
2024-06-12T14:18:36.912+05:00  INFO 21044 --- [main] o.f.core.internal.command.DbMigrate      : Current version of schema `db`: 1.0.5
2024-06-12T14:18:37.087+05:00  INFO 21044 --- [main] o.f.core.internal.command.DbMigrate      : Schema `db` is up to date. No migration necessary.
2024-06-12T14:18:38.249+05:00  INFO 21044 --- [main] o.hibernate.jpa.internal.util.LogHelper  : HHH000204: Processing PersistenceUnitInfo [name: default]
2024-06-12T14:18:38.364+05:00  INFO 21044 --- [main] org.hibernate.Version                    : HHH000412: Hibernate ORM core version 6.2.13.Final
2024-06-12T14:18:38.370+05:00  INFO 21044 --- [main] org.hibernate.cfg.Environment            : HHH000406: Using bytecode reflection optimizer
2024-06-12T14:18:38.885+05:00  INFO 21044 --- [main] o.s.o.j.p.SpringPersistenceUnitInfo      : No LoadTimeWeaver setup: ignoring JPA class transformer
2024-06-12T14:18:38.932+05:00  INFO 21044 --- [main] com.zaxxer.hikari.HikariDataSource       : HikariPool-1 - Starting...
2024-06-12T14:18:40.633+05:00  INFO 21044 --- [main] com.zaxxer.hikari.pool.HikariPool        : HikariPool-1 - Added connection com.mysql.cj.jdbc.ConnectionImpl@ea0c99c
2024-06-12T14:18:40.636+05:00  INFO 21044 --- [main] com.zaxxer.hikari.HikariDataSource       : HikariPool-1 - Start completed.
2024-06-12T14:18:41.056+05:00  WARN 21044 --- [main] org.hibernate.orm.deprecation            : HHH90000025: MySQLDialect does not need to be specified explicitly using 'hibernate.dialect' (remove the property setting and it will be selected by default)
2024-06-12T14:18:41.789+05:00  WARN 21044 --- [main] org.hibernate.orm.deprecation            : HHH90000021: Encountered deprecated setting [javax.persistence.schema-generation.scripts.action], use [jakarta.persistence.schema-generation.scripts.action] instead
2024-06-12T14:18:43.053+05:00  INFO 21044 --- [main] o.h.e.t.j.p.i.JtaPlatformInitiator       : HHH000489: No JTA platform available (set 'hibernate.transaction.jta.platform' to enable JTA platform integration)
2024-06-12T14:18:43.060+05:00  WARN 21044 --- [main] org.hibernate.orm.deprecation            : HHH90000021: Encountered deprecated setting [javax.persistence.schema-generation.scripts.action], use [jakarta.persistence.schema-generation.scripts.action] instead
2024-06-12T14:18:43.068+05:00  WARN 21044 --- [main] org.hibernate.orm.deprecation            : HHH90000021: Encountered deprecated setting [jakarta.persistence.schema-generation.scripts.drop-target], use [javax.persistence.schema-generation.scripts.drop-target] instead
2024-06-12T14:18:43.093+05:00  WARN 21044 --- [main] org.hibernate.orm.deprecation            : HHH90000021: Encountered deprecated setting [jakarta.persistence.schema-generation.scripts.create-target], use [javax.persistence.schema-generation.scripts.create-target] instead
2024-06-12T14:18:43.133+05:00  INFO 21044 --- [main] j.LocalContainerEntityManagerFactoryBean : Initialized JPA EntityManagerFactory for persistence unit 'default'
2024-06-12T14:18:44.293+05:00 DEBUG 21044 --- [main] o.s.w.f.ServerHttpObservationFilter      : Filter 'webMvcObservationFilter' configured for use
2024-06-12T14:18:44.928+05:00  INFO 21044 --- [main] o.s.d.j.r.query.QueryEnhancerFactory     : Hibernate is in classpath; If applicable, HQL parser will be used.
2024-06-12T14:18:47.627+05:00  WARN 21044 --- [main] JpaBaseConfiguration$JpaWebConfiguration : spring.jpa.open-in-view is enabled by default. Therefore, database queries may be performed during view rendering. Explicitly configure spring.jpa.open-in-view to disable this warning
2024-06-12T14:18:48.242+05:00 DEBUG 21044 --- [main] s.w.s.m.m.a.RequestMappingHandlerMapping : 41 mappings in 'requestMappingHandlerMapping'
2024-06-12T14:18:48.909+05:00 DEBUG 21044 --- [main] o.s.w.s.handler.SimpleUrlHandlerMapping  : Patterns [/webjars/**, /**, /swagger-ui*/*swagger-initializer.js, /swagger-ui*/**] in 'resourceHandlerMapping'
2024-06-12T14:18:49.285+05:00  INFO 21044 --- [main] o.s.b.a.e.web.EndpointLinksResolver      : Exposing 16 endpoint(s) beneath base path '/actuator'
2024-06-12T14:18:49.393+05:00  INFO 21044 --- [main] o.s.s.web.DefaultSecurityFilterChain     : Will secure any request with [org.springframework.security.web.session.DisableEncodeUrlFilter@1c057fc8, org.springframework.security.web.context.request.async.WebAsyncManagerIntegrationFilter@6fb1dd9d, org.springframework.security.web.context.SecurityContextHolderFilter@69e0d31d, org.springframework.security.web.header.HeaderWriterFilter@2afee2ee, org.springframework.security.web.authentication.logout.LogoutFilter@2a7d12c8, com.kn.auth.config.JwtAuthenticationFilter@5bcda4a6, org.springframework.security.web.savedrequest.RequestCacheAwareFilter@40b63796, org.springframework.security.web.servletapi.SecurityContextHolderAwareRequestFilter@7cf9dc4c, org.springframework.security.web.authentication.AnonymousAuthenticationFilter@749979f4, org.springframework.security.web.session.SessionManagementFilter@2c4c5627, org.springframework.security.web.access.ExceptionTranslationFilter@16546957, org.springframework.security.web.access.intercept.AuthorizationFilter@54dcf244]
2024-06-12T14:18:49.798+05:00 DEBUG 21044 --- [main] s.w.s.m.m.a.RequestMappingHandlerAdapter : ControllerAdvice beans: 0 @ModelAttribute, 0 @InitBinder, 1 RequestBodyAdvice, 1 ResponseBodyAdvice
2024-06-12T14:18:49.961+05:00 DEBUG 21044 --- [main] .m.m.a.ExceptionHandlerExceptionResolver : ControllerAdvice beans: 2 @ExceptionHandler, 1 ResponseBodyAdvice
2024-06-12T14:18:50.793+05:00  INFO 21044 --- [main] o.s.b.w.embedded.tomcat.TomcatWebServer  : Tomcat started on port(s): 8080 (http) with context path '/api'
2024-06-12T14:18:50.879+05:00  INFO 21044 --- [main] com.kn.auth.Application                  : Started Application in 27.313 seconds (process running for 29.374)
2024-06-12T14:18:53.425+05:00  INFO 21044 --- [http-nio-8080-exec-10] o.a.c.c.C.[Tomcat].[localhost].[/api]    : Initializing Spring DispatcherServlet 'dispatcherServlet'
2024-06-12T14:18:53.430+05:00  INFO 21044 --- [http-nio-8080-exec-10] o.s.web.servlet.DispatcherServlet        : Initializing Servlet 'dispatcherServlet'
2024-06-12T14:18:53.432+05:00 DEBUG 21044 --- [http-nio-8080-exec-10] o.s.web.servlet.DispatcherServlet        : Detected StandardServletMultipartResolver
2024-06-12T14:18:53.433+05:00 DEBUG 21044 --- [http-nio-8080-exec-10] o.s.web.servlet.DispatcherServlet        : Detected AcceptHeaderLocaleResolver
2024-06-12T14:18:53.433+05:00 DEBUG 21044 --- [http-nio-8080-exec-10] o.s.web.servlet.DispatcherServlet        : Detected FixedThemeResolver
2024-06-12T14:18:53.463+05:00 DEBUG 21044 --- [http-nio-8080-exec-10] o.s.web.servlet.DispatcherServlet        : Detected org.springframework.web.servlet.view.DefaultRequestToViewNameTranslator@5196648a
2024-06-12T14:18:53.464+05:00 DEBUG 21044 --- [http-nio-8080-exec-10] o.s.web.servlet.DispatcherServlet        : Detected org.springframework.web.servlet.support.SessionFlashMapManager@729c251b
2024-06-12T14:18:53.466+05:00 DEBUG 21044 --- [http-nio-8080-exec-10] o.s.web.servlet.DispatcherServlet        : enableLoggingRequestDetails='false': request parameters and headers will be masked to prevent unsafe logging of potentially sensitive data
2024-06-12T14:18:53.467+05:00  INFO 21044 --- [http-nio-8080-exec-10] o.s.web.servlet.DispatcherServlet        : Completed initialization in 36 ms
2024-06-12T14:18:53.581+05:00 DEBUG 21044 --- [http-nio-8080-exec-10] o.s.w.s.handler.SimpleUrlHandlerMapping  : Mapped to ResourceHttpRequestHandler [classpath [META-INF/resources/webjars/]]
2024-06-12T14:18:53.597+05:00 DEBUG 21044 --- [http-nio-8080-exec-10] o.s.web.servlet.DispatcherServlet        : GET "/api/swagger-ui/index.html", parameters={}
2024-06-12T14:18:53.602+05:00 DEBUG 21044 --- [http-nio-8080-exec-10] o.s.w.s.handler.SimpleUrlHandlerMapping  : Mapped to ResourceHttpRequestHandler [classpath [META-INF/resources/webjars/]]
2024-06-12T14:18:53.667+05:00 DEBUG 21044 --- [http-nio-8080-exec-10] o.s.web.servlet.DispatcherServlet        : Completed 200 OK
2024-06-12T14:18:53.747+05:00 DEBUG 21044 --- [http-nio-8080-exec-2] o.s.w.s.handler.SimpleUrlHandlerMapping  : Mapped to ResourceHttpRequestHandler [classpath [META-INF/resources/webjars/]]
2024-06-12T14:18:53.749+05:00 DEBUG 21044 --- [http-nio-8080-exec-2] o.s.web.servlet.DispatcherServlet        : GET "/api/swagger-ui/swagger-ui.css", parameters={}
2024-06-12T14:18:53.749+05:00 DEBUG 21044 --- [http-nio-8080-exec-5] o.s.w.s.handler.SimpleUrlHandlerMapping  : Mapped to ResourceHttpRequestHandler [classpath [META-INF/resources/webjars/]]
2024-06-12T14:18:53.749+05:00 DEBUG 21044 --- [http-nio-8080-exec-6] o.s.w.s.handler.SimpleUrlHandlerMapping  : Mapped to ResourceHttpRequestHandler [classpath [META-INF/resources/webjars/]]
2024-06-12T14:18:53.751+05:00 DEBUG 21044 --- [http-nio-8080-exec-7] o.s.w.s.handler.SimpleUrlHandlerMapping  : Mapped to ResourceHttpRequestHandler [classpath [META-INF/resources/webjars/]]
2024-06-12T14:18:53.752+05:00 DEBUG 21044 --- [http-nio-8080-exec-5] o.s.web.servlet.DispatcherServlet        : GET "/api/swagger-ui/index.css", parameters={}
2024-06-12T14:18:53.753+05:00 DEBUG 21044 --- [http-nio-8080-exec-6] o.s.web.servlet.DispatcherServlet        : GET "/api/swagger-ui/swagger-ui-standalone-preset.js", parameters={}
2024-06-12T14:18:53.753+05:00 DEBUG 21044 --- [http-nio-8080-exec-7] o.s.web.servlet.DispatcherServlet        : GET "/api/swagger-ui/swagger-ui-bundle.js", parameters={}
2024-06-12T14:18:53.753+05:00 DEBUG 21044 --- [http-nio-8080-exec-2] o.s.w.s.handler.SimpleUrlHandlerMapping  : Mapped to ResourceHttpRequestHandler [classpath [META-INF/resources/webjars/]]
2024-06-12T14:18:53.761+05:00 DEBUG 21044 --- [http-nio-8080-exec-7] o.s.w.s.handler.SimpleUrlHandlerMapping  : Mapped to ResourceHttpRequestHandler [classpath [META-INF/resources/webjars/]]
2024-06-12T14:18:53.763+05:00 DEBUG 21044 --- [http-nio-8080-exec-5] o.s.w.s.handler.SimpleUrlHandlerMapping  : Mapped to ResourceHttpRequestHandler [classpath [META-INF/resources/webjars/]]
2024-06-12T14:18:53.771+05:00 DEBUG 21044 --- [http-nio-8080-exec-6] o.s.w.s.handler.SimpleUrlHandlerMapping  : Mapped to ResourceHttpRequestHandler [classpath [META-INF/resources/webjars/]]
2024-06-12T14:18:53.771+05:00 DEBUG 21044 --- [http-nio-8080-exec-8] o.s.w.s.handler.SimpleUrlHandlerMapping  : Mapped to ResourceHttpRequestHandler [classpath [META-INF/resources/webjars/]]
2024-06-12T14:18:53.781+05:00 DEBUG 21044 --- [http-nio-8080-exec-5] o.s.web.servlet.DispatcherServlet        : Completed 200 OK
2024-06-12T14:18:53.781+05:00 DEBUG 21044 --- [http-nio-8080-exec-8] o.s.web.servlet.DispatcherServlet        : GET "/api/swagger-ui/swagger-initializer.js", parameters={}
2024-06-12T14:18:53.782+05:00 DEBUG 21044 --- [http-nio-8080-exec-2] o.s.web.servlet.DispatcherServlet        : Completed 200 OK
2024-06-12T14:18:53.788+05:00 DEBUG 21044 --- [http-nio-8080-exec-8] o.s.w.s.handler.SimpleUrlHandlerMapping  : Mapped to ResourceHttpRequestHandler [classpath [META-INF/resources/webjars/]]
2024-06-12T14:18:53.809+05:00 DEBUG 21044 --- [http-nio-8080-exec-6] o.s.web.servlet.DispatcherServlet        : Completed 200 OK
2024-06-12T14:18:53.828+05:00 DEBUG 21044 --- [http-nio-8080-exec-7] o.s.web.servlet.DispatcherServlet        : Completed 200 OK
2024-06-12T14:18:53.886+05:00 DEBUG 21044 --- [http-nio-8080-exec-8] o.s.web.servlet.DispatcherServlet        : Completed 200 OK
2024-06-12T14:18:54.357+05:00 DEBUG 21044 --- [http-nio-8080-exec-1] o.s.w.s.handler.SimpleUrlHandlerMapping  : Mapped to ResourceHttpRequestHandler [classpath [META-INF/resources/webjars/]]
2024-06-12T14:18:54.359+05:00 DEBUG 21044 --- [http-nio-8080-exec-1] o.s.web.servlet.DispatcherServlet        : GET "/api/swagger-ui/favicon-32x32.png", parameters={}
2024-06-12T14:18:54.361+05:00 DEBUG 21044 --- [http-nio-8080-exec-1] o.s.w.s.handler.SimpleUrlHandlerMapping  : Mapped to ResourceHttpRequestHandler [classpath [META-INF/resources/webjars/]]
2024-06-12T14:18:54.368+05:00 DEBUG 21044 --- [http-nio-8080-exec-1] o.s.web.servlet.DispatcherServlet        : Completed 200 OK
2024-06-12T14:18:54.423+05:00 DEBUG 21044 --- [http-nio-8080-exec-9] s.w.s.m.m.a.RequestMappingHandlerMapping : Mapped to org.springdoc.webmvc.ui.SwaggerConfigResource#openapiJson(HttpServletRequest)
2024-06-12T14:18:54.427+05:00 DEBUG 21044 --- [http-nio-8080-exec-9] s.w.s.m.m.a.RequestMappingHandlerMapping : Mapped to org.springdoc.webmvc.ui.SwaggerConfigResource#openapiJson(HttpServletRequest)
2024-06-12T14:18:54.430+05:00 DEBUG 21044 --- [http-nio-8080-exec-9] s.w.s.m.m.a.RequestMappingHandlerMapping : Mapped to org.springdoc.webmvc.ui.SwaggerConfigResource#openapiJson(HttpServletRequest)
2024-06-12T14:18:54.433+05:00 DEBUG 21044 --- [http-nio-8080-exec-9] s.w.s.m.m.a.RequestMappingHandlerMapping : Mapped to org.springdoc.webmvc.ui.SwaggerConfigResource#openapiJson(HttpServletRequest)
2024-06-12T14:18:54.435+05:00 DEBUG 21044 --- [http-nio-8080-exec-9] s.w.s.m.m.a.RequestMappingHandlerMapping : Mapped to org.springdoc.webmvc.ui.SwaggerConfigResource#openapiJson(HttpServletRequest)
2024-06-12T14:18:54.436+05:00 DEBUG 21044 --- [http-nio-8080-exec-9] s.w.s.m.m.a.RequestMappingHandlerMapping : Mapped to org.springdoc.webmvc.ui.SwaggerConfigResource#openapiJson(HttpServletRequest)
2024-06-12T14:18:54.438+05:00 DEBUG 21044 --- [http-nio-8080-exec-9] s.w.s.m.m.a.RequestMappingHandlerMapping : Mapped to org.springdoc.webmvc.ui.SwaggerConfigResource#openapiJson(HttpServletRequest)
2024-06-12T14:18:54.440+05:00 DEBUG 21044 --- [http-nio-8080-exec-9] o.s.web.servlet.DispatcherServlet        : GET "/api/v3/api-docs/swagger-config", parameters={}
2024-06-12T14:18:54.441+05:00 DEBUG 21044 --- [http-nio-8080-exec-9] s.w.s.m.m.a.RequestMappingHandlerMapping : Mapped to org.springdoc.webmvc.ui.SwaggerConfigResource#openapiJson(HttpServletRequest)
2024-06-12T14:18:54.474+05:00 DEBUG 21044 --- [http-nio-8080-exec-9] m.m.a.RequestResponseBodyMethodProcessor : Using 'application/json', given [*/*] and supported [application/json]
2024-06-12T14:18:54.479+05:00 DEBUG 21044 --- [http-nio-8080-exec-9] m.m.a.RequestResponseBodyMethodProcessor : Writing [{configUrl=/api/v3/api-docs/swagger-config, oauth2RedirectUrl=http://localhost:8080/api/swagger-ui/o (truncated)...]
2024-06-12T14:18:54.488+05:00 DEBUG 21044 --- [http-nio-8080-exec-9] o.s.web.servlet.DispatcherServlet        : Completed 200 OK
2024-06-12T14:18:54.525+05:00 DEBUG 21044 --- [http-nio-8080-exec-3] s.w.s.m.m.a.RequestMappingHandlerMapping : Mapped to org.springdoc.webmvc.api.OpenApiWebMvcResource#openapiJson(HttpServletRequest, String, Locale)
2024-06-12T14:18:54.527+05:00 DEBUG 21044 --- [http-nio-8080-exec-3] s.w.s.m.m.a.RequestMappingHandlerMapping : Mapped to org.springdoc.webmvc.api.OpenApiWebMvcResource#openapiJson(HttpServletRequest, String, Locale)
2024-06-12T14:18:54.529+05:00 DEBUG 21044 --- [http-nio-8080-exec-3] s.w.s.m.m.a.RequestMappingHandlerMapping : Mapped to org.springdoc.webmvc.api.OpenApiWebMvcResource#openapiJson(HttpServletRequest, String, Locale)
2024-06-12T14:18:54.531+05:00 DEBUG 21044 --- [http-nio-8080-exec-3] s.w.s.m.m.a.RequestMappingHandlerMapping : Mapped to org.springdoc.webmvc.api.OpenApiWebMvcResource#openapiJson(HttpServletRequest, String, Locale)
2024-06-12T14:18:54.533+05:00 DEBUG 21044 --- [http-nio-8080-exec-3] s.w.s.m.m.a.RequestMappingHandlerMapping : Mapped to org.springdoc.webmvc.api.OpenApiWebMvcResource#openapiJson(HttpServletRequest, String, Locale)
2024-06-12T14:18:54.535+05:00 DEBUG 21044 --- [http-nio-8080-exec-3] s.w.s.m.m.a.RequestMappingHandlerMapping : Mapped to org.springdoc.webmvc.api.OpenApiWebMvcResource#openapiJson(HttpServletRequest, String, Locale)
2024-06-12T14:18:54.537+05:00 DEBUG 21044 --- [http-nio-8080-exec-3] s.w.s.m.m.a.RequestMappingHandlerMapping : Mapped to org.springdoc.webmvc.api.OpenApiWebMvcResource#openapiJson(HttpServletRequest, String, Locale)
2024-06-12T14:18:54.538+05:00 DEBUG 21044 --- [http-nio-8080-exec-3] o.s.web.servlet.DispatcherServlet        : GET "/api/v3/api-docs", parameters={}
2024-06-12T14:18:54.539+05:00 DEBUG 21044 --- [http-nio-8080-exec-3] s.w.s.m.m.a.RequestMappingHandlerMapping : Mapped to org.springdoc.webmvc.api.OpenApiWebMvcResource#openapiJson(HttpServletRequest, String, Locale)
2024-06-12T14:18:57.038+05:00  INFO 21044 --- [http-nio-8080-exec-3] o.springdoc.api.AbstractOpenApiResource  : Init duration for springdoc-openapi is: 2468 ms
2024-06-12T14:18:57.085+05:00 DEBUG 21044 --- [http-nio-8080-exec-3] m.m.a.RequestResponseBodyMethodProcessor : Using 'application/json', given [application/json, */*] and supported [application/json]
2024-06-12T14:18:57.100+05:00 DEBUG 21044 --- [http-nio-8080-exec-3] m.m.a.RequestResponseBodyMethodProcessor : Writing [{123, 34, 111, 112, 101, 110, 97, 112, 105, 34, 58, 34, 51, 46, 48, 46, 49, 34, 44, 34, 105, 110, 10 (truncated)...]
2024-06-12T14:18:57.103+05:00 DEBUG 21044 --- [http-nio-8080-exec-3] o.s.web.servlet.DispatcherServlet        : Completed 200 OK
2024-06-12T14:19:33.823+05:00 DEBUG 21044 --- [http-nio-8080-exec-8] s.w.s.m.m.a.RequestMappingHandlerMapping : Mapped to com.kn.auth.controllers.CartController#change(RequestEntity)
2024-06-12T14:19:33.831+05:00 DEBUG 21044 --- [http-nio-8080-exec-8] s.w.s.m.m.a.RequestMappingHandlerMapping : Mapped to com.kn.auth.controllers.CartController#change(RequestEntity)
2024-06-12T14:19:33.832+05:00 DEBUG 21044 --- [http-nio-8080-exec-8] s.w.s.m.m.a.RequestMappingHandlerMapping : Mapped to com.kn.auth.controllers.CartController#change(RequestEntity)
2024-06-12T14:19:33.833+05:00 DEBUG 21044 --- [http-nio-8080-exec-8] s.w.s.m.m.a.RequestMappingHandlerMapping : Mapped to com.kn.auth.controllers.CartController#change(RequestEntity)
2024-06-12T14:19:33.851+05:00 DEBUG 21044 --- [http-nio-8080-exec-8] o.s.web.servlet.DispatcherServlet        : POST "/api/private/buyer/cart/change", parameters={}
2024-06-12T14:19:33.853+05:00 DEBUG 21044 --- [http-nio-8080-exec-8] s.w.s.m.m.a.RequestMappingHandlerMapping : Mapped to com.kn.auth.controllers.CartController#change(RequestEntity)
2024-06-12T14:19:33.943+05:00 DEBUG 21044 --- [http-nio-8080-exec-8] o.s.w.s.m.m.a.HttpEntityMethodProcessor  : Read "application/json;charset=UTF-8" to [[CartItem(id=1603, cart=null, product=null, amount=3, createdTime=null)]]
2024-06-12T14:19:42.225+05:00 DEBUG 21044 --- [http-nio-8080-exec-8] o.s.w.s.m.m.a.HttpEntityMethodProcessor  : Using 'application/json', given [*/*] and supported [application/json, application/*+json]
2024-06-12T14:19:42.313+05:00 DEBUG 21044 --- [http-nio-8080-exec-8] o.s.w.s.m.m.a.HttpEntityMethodProcessor  : Writing [java.lang.StackOverflowError]
2024-06-12T14:19:43.317+05:00 DEBUG 21044 --- [http-nio-8080-exec-8] o.s.web.servlet.DispatcherServlet        : Completed 200 OK
2024-06-12T14:25:16.860+05:00  INFO 12612 --- [main] com.kn.auth.Application                  : Starting Application using Java 17.0.9 with PID 12612 (C:\Users\User\IdeaProjects\MarketPlace\awesome-ecommerce-project\service\Authorization\service\auth\build\classes\java\main started by User in C:\Users\User\IdeaProjects\MarketPlace\awesome-ecommerce-project\service\Authorization\service)
2024-06-12T14:25:16.869+05:00  INFO 12612 --- [main] com.kn.auth.Application                  : No active profile set, falling back to 1 default profile: "default"
2024-06-12T14:25:19.576+05:00  INFO 12612 --- [main] .s.d.r.c.RepositoryConfigurationDelegate : Bootstrapping Spring Data JPA repositories in DEFAULT mode.
2024-06-12T14:25:19.816+05:00  INFO 12612 --- [main] .s.d.r.c.RepositoryConfigurationDelegate : Finished Spring Data repository scanning in 213 ms. Found 19 JPA repository interfaces.
2024-06-12T14:25:22.038+05:00  INFO 12612 --- [main] o.s.b.w.embedded.tomcat.TomcatWebServer  : Tomcat initialized with port(s): 8080 (http)
2024-06-12T14:25:22.061+05:00  INFO 12612 --- [main] o.apache.catalina.core.StandardService   : Starting service [Tomcat]
2024-06-12T14:25:22.062+05:00  INFO 12612 --- [main] o.apache.catalina.core.StandardEngine    : Starting Servlet engine: [Apache Tomcat/10.1.15]
2024-06-12T14:25:22.332+05:00  INFO 12612 --- [main] o.a.c.c.C.[Tomcat].[localhost].[/api]    : Initializing Spring embedded WebApplicationContext
2024-06-12T14:25:22.334+05:00  INFO 12612 --- [main] w.s.c.ServletWebServerApplicationContext : Root WebApplicationContext: initialization completed in 5306 ms
2024-06-12T14:25:23.225+05:00  INFO 12612 --- [main] o.f.c.internal.license.VersionPrinter    : Flyway Community Edition 9.16.3 by Redgate
2024-06-12T14:25:23.226+05:00  INFO 12612 --- [main] o.f.c.internal.license.VersionPrinter    : See release notes here: https://rd.gt/416ObMi
2024-06-12T14:25:23.226+05:00  INFO 12612 --- [main] o.f.c.internal.license.VersionPrinter    : 
2024-06-12T14:25:25.083+05:00  INFO 12612 --- [main] o.f.c.i.database.base.BaseDatabaseType   : Database: jdbc:mysql://104.248.234.194:3306/db (MySQL 8.4)
2024-06-12T14:25:26.769+05:00  WARN 12612 --- [main] o.f.c.internal.database.base.Database    : Flyway upgrade recommended: MySQL 8.4 is newer than this version of Flyway and support has not been tested. The latest supported version of MySQL is 8.0.
2024-06-12T14:25:27.980+05:00  INFO 12612 --- [main] o.f.core.internal.command.DbValidate     : Successfully validated 6 migrations (execution time 00:01.033s)
2024-06-12T14:25:29.822+05:00  INFO 12612 --- [main] o.f.core.internal.command.DbMigrate      : Current version of schema `db`: 1.0.5
2024-06-12T14:25:29.991+05:00  INFO 12612 --- [main] o.f.core.internal.command.DbMigrate      : Schema `db` is up to date. No migration necessary.
2024-06-12T14:25:31.201+05:00  INFO 12612 --- [main] o.hibernate.jpa.internal.util.LogHelper  : HHH000204: Processing PersistenceUnitInfo [name: default]
2024-06-12T14:25:31.353+05:00  INFO 12612 --- [main] org.hibernate.Version                    : HHH000412: Hibernate ORM core version 6.2.13.Final
2024-06-12T14:25:31.360+05:00  INFO 12612 --- [main] org.hibernate.cfg.Environment            : HHH000406: Using bytecode reflection optimizer
2024-06-12T14:25:32.030+05:00  INFO 12612 --- [main] o.s.o.j.p.SpringPersistenceUnitInfo      : No LoadTimeWeaver setup: ignoring JPA class transformer
2024-06-12T14:25:32.129+05:00  INFO 12612 --- [main] com.zaxxer.hikari.HikariDataSource       : HikariPool-1 - Starting...
2024-06-12T14:25:33.839+05:00  INFO 12612 --- [main] com.zaxxer.hikari.pool.HikariPool        : HikariPool-1 - Added connection com.mysql.cj.jdbc.ConnectionImpl@62159fd
2024-06-12T14:25:33.842+05:00  INFO 12612 --- [main] com.zaxxer.hikari.HikariDataSource       : HikariPool-1 - Start completed.
2024-06-12T14:25:34.229+05:00  WARN 12612 --- [main] org.hibernate.orm.deprecation            : HHH90000025: MySQLDialect does not need to be specified explicitly using 'hibernate.dialect' (remove the property setting and it will be selected by default)
2024-06-12T14:25:34.993+05:00  WARN 12612 --- [main] org.hibernate.orm.deprecation            : HHH90000021: Encountered deprecated setting [javax.persistence.schema-generation.scripts.action], use [jakarta.persistence.schema-generation.scripts.action] instead
2024-06-12T14:25:36.332+05:00  INFO 12612 --- [main] o.h.e.t.j.p.i.JtaPlatformInitiator       : HHH000489: No JTA platform available (set 'hibernate.transaction.jta.platform' to enable JTA platform integration)
2024-06-12T14:25:36.353+05:00  WARN 12612 --- [main] org.hibernate.orm.deprecation            : HHH90000021: Encountered deprecated setting [javax.persistence.schema-generation.scripts.action], use [jakarta.persistence.schema-generation.scripts.action] instead
2024-06-12T14:25:36.377+05:00  WARN 12612 --- [main] org.hibernate.orm.deprecation            : HHH90000021: Encountered deprecated setting [jakarta.persistence.schema-generation.scripts.drop-target], use [javax.persistence.schema-generation.scripts.drop-target] instead
2024-06-12T14:25:36.423+05:00  WARN 12612 --- [main] org.hibernate.orm.deprecation            : HHH90000021: Encountered deprecated setting [jakarta.persistence.schema-generation.scripts.create-target], use [javax.persistence.schema-generation.scripts.create-target] instead
2024-06-12T14:25:36.466+05:00  INFO 12612 --- [main] j.LocalContainerEntityManagerFactoryBean : Initialized JPA EntityManagerFactory for persistence unit 'default'
2024-06-12T14:25:37.642+05:00 DEBUG 12612 --- [main] o.s.w.f.ServerHttpObservationFilter      : Filter 'webMvcObservationFilter' configured for use
2024-06-12T14:25:38.223+05:00  INFO 12612 --- [main] o.s.d.j.r.query.QueryEnhancerFactory     : Hibernate is in classpath; If applicable, HQL parser will be used.
2024-06-12T14:25:41.059+05:00  WARN 12612 --- [main] JpaBaseConfiguration$JpaWebConfiguration : spring.jpa.open-in-view is enabled by default. Therefore, database queries may be performed during view rendering. Explicitly configure spring.jpa.open-in-view to disable this warning
2024-06-12T14:25:41.444+05:00 DEBUG 12612 --- [main] s.w.s.m.m.a.RequestMappingHandlerMapping : 41 mappings in 'requestMappingHandlerMapping'
2024-06-12T14:25:41.993+05:00 DEBUG 12612 --- [main] o.s.w.s.handler.SimpleUrlHandlerMapping  : Patterns [/webjars/**, /**, /swagger-ui*/*swagger-initializer.js, /swagger-ui*/**] in 'resourceHandlerMapping'
2024-06-12T14:25:42.271+05:00  INFO 12612 --- [main] o.s.b.a.e.web.EndpointLinksResolver      : Exposing 16 endpoint(s) beneath base path '/actuator'
2024-06-12T14:25:42.389+05:00  INFO 12612 --- [main] o.s.s.web.DefaultSecurityFilterChain     : Will secure any request with [org.springframework.security.web.session.DisableEncodeUrlFilter@41e67819, org.springframework.security.web.context.request.async.WebAsyncManagerIntegrationFilter@61d4bc03, org.springframework.security.web.context.SecurityContextHolderFilter@390645a, org.springframework.security.web.header.HeaderWriterFilter@56de4d71, org.springframework.security.web.authentication.logout.LogoutFilter@7c329d38, com.kn.auth.config.JwtAuthenticationFilter@469caf69, org.springframework.security.web.savedrequest.RequestCacheAwareFilter@6ba1a7fd, org.springframework.security.web.servletapi.SecurityContextHolderAwareRequestFilter@3a50c97f, org.springframework.security.web.authentication.AnonymousAuthenticationFilter@7ef5a01b, org.springframework.security.web.session.SessionManagementFilter@1c057fc8, org.springframework.security.web.access.ExceptionTranslationFilter@220ebbef, org.springframework.security.web.access.intercept.AuthorizationFilter@67d9abfb]
2024-06-12T14:25:42.665+05:00 DEBUG 12612 --- [main] s.w.s.m.m.a.RequestMappingHandlerAdapter : ControllerAdvice beans: 0 @ModelAttribute, 0 @InitBinder, 1 RequestBodyAdvice, 1 ResponseBodyAdvice
2024-06-12T14:25:42.867+05:00 DEBUG 12612 --- [main] .m.m.a.ExceptionHandlerExceptionResolver : ControllerAdvice beans: 2 @ExceptionHandler, 1 ResponseBodyAdvice
2024-06-12T14:25:43.631+05:00  INFO 12612 --- [main] o.s.b.w.embedded.tomcat.TomcatWebServer  : Tomcat started on port(s): 8080 (http) with context path '/api'
2024-06-12T14:25:43.650+05:00  INFO 12612 --- [main] com.kn.auth.Application                  : Started Application in 28.512 seconds (process running for 31.836)
2024-06-12T14:25:48.823+05:00  INFO 12612 --- [http-nio-8080-exec-1] o.a.c.c.C.[Tomcat].[localhost].[/api]    : Initializing Spring DispatcherServlet 'dispatcherServlet'
2024-06-12T14:25:48.827+05:00  INFO 12612 --- [http-nio-8080-exec-1] o.s.web.servlet.DispatcherServlet        : Initializing Servlet 'dispatcherServlet'
2024-06-12T14:25:48.828+05:00 DEBUG 12612 --- [http-nio-8080-exec-1] o.s.web.servlet.DispatcherServlet        : Detected StandardServletMultipartResolver
2024-06-12T14:25:48.828+05:00 DEBUG 12612 --- [http-nio-8080-exec-1] o.s.web.servlet.DispatcherServlet        : Detected AcceptHeaderLocaleResolver
2024-06-12T14:25:48.828+05:00 DEBUG 12612 --- [http-nio-8080-exec-1] o.s.web.servlet.DispatcherServlet        : Detected FixedThemeResolver
2024-06-12T14:25:48.860+05:00 DEBUG 12612 --- [http-nio-8080-exec-1] o.s.web.servlet.DispatcherServlet        : Detected org.springframework.web.servlet.view.DefaultRequestToViewNameTranslator@6bd9a104
2024-06-12T14:25:48.861+05:00 DEBUG 12612 --- [http-nio-8080-exec-1] o.s.web.servlet.DispatcherServlet        : Detected org.springframework.web.servlet.support.SessionFlashMapManager@4061263d
2024-06-12T14:25:48.863+05:00 DEBUG 12612 --- [http-nio-8080-exec-1] o.s.web.servlet.DispatcherServlet        : enableLoggingRequestDetails='false': request parameters and headers will be masked to prevent unsafe logging of potentially sensitive data
2024-06-12T14:25:48.865+05:00  INFO 12612 --- [http-nio-8080-exec-1] o.s.web.servlet.DispatcherServlet        : Completed initialization in 37 ms
2024-06-12T14:25:56.809+05:00 DEBUG 12612 --- [http-nio-8080-exec-1] s.w.s.m.m.a.RequestMappingHandlerMapping : Mapped to com.kn.auth.controllers.CartController#change(RequestEntity)
2024-06-12T14:25:56.816+05:00 DEBUG 12612 --- [http-nio-8080-exec-1] s.w.s.m.m.a.RequestMappingHandlerMapping : Mapped to com.kn.auth.controllers.CartController#change(RequestEntity)
2024-06-12T14:25:56.818+05:00 DEBUG 12612 --- [http-nio-8080-exec-1] s.w.s.m.m.a.RequestMappingHandlerMapping : Mapped to com.kn.auth.controllers.CartController#change(RequestEntity)
2024-06-12T14:25:56.821+05:00 DEBUG 12612 --- [http-nio-8080-exec-1] s.w.s.m.m.a.RequestMappingHandlerMapping : Mapped to com.kn.auth.controllers.CartController#change(RequestEntity)
2024-06-12T14:25:56.842+05:00 DEBUG 12612 --- [http-nio-8080-exec-1] o.s.web.servlet.DispatcherServlet        : POST "/api/private/buyer/cart/change", parameters={}
2024-06-12T14:25:56.849+05:00 DEBUG 12612 --- [http-nio-8080-exec-1] s.w.s.m.m.a.RequestMappingHandlerMapping : Mapped to com.kn.auth.controllers.CartController#change(RequestEntity)
2024-06-12T14:25:57.034+05:00 DEBUG 12612 --- [http-nio-8080-exec-1] o.s.w.s.m.m.a.HttpEntityMethodProcessor  : Read "application/json;charset=UTF-8" to [[CartItem(id=1603, cart=null, product=null, amount=3, createdTime=null)]]
2024-06-12T14:26:05.224+05:00 DEBUG 12612 --- [http-nio-8080-exec-1] o.s.w.s.m.m.a.HttpEntityMethodProcessor  : Using 'application/json', given [*/*] and supported [application/json, application/*+json]
2024-06-12T14:26:05.227+05:00 DEBUG 12612 --- [http-nio-8080-exec-1] o.s.w.s.m.m.a.HttpEntityMethodProcessor  : Writing [[]]
2024-06-12T14:26:05.264+05:00 DEBUG 12612 --- [http-nio-8080-exec-1] o.s.web.servlet.DispatcherServlet        : Completed 200 OK
2024-06-12T14:29:22.194+05:00  INFO 6616 --- [main] com.kn.auth.Application                  : Starting Application using Java 17.0.9 with PID 6616 (C:\Users\User\IdeaProjects\MarketPlace\awesome-ecommerce-project\service\Authorization\service\auth\build\classes\java\main started by User in C:\Users\User\IdeaProjects\MarketPlace\awesome-ecommerce-project\service\Authorization\service)
2024-06-12T14:29:22.199+05:00  INFO 6616 --- [main] com.kn.auth.Application                  : No active profile set, falling back to 1 default profile: "default"
2024-06-12T14:29:25.113+05:00  INFO 6616 --- [main] .s.d.r.c.RepositoryConfigurationDelegate : Bootstrapping Spring Data JPA repositories in DEFAULT mode.
2024-06-12T14:29:25.355+05:00  INFO 6616 --- [main] .s.d.r.c.RepositoryConfigurationDelegate : Finished Spring Data repository scanning in 220 ms. Found 19 JPA repository interfaces.
2024-06-12T14:29:27.201+05:00  INFO 6616 --- [main] o.s.b.w.embedded.tomcat.TomcatWebServer  : Tomcat initialized with port(s): 8080 (http)
2024-06-12T14:29:27.224+05:00  INFO 6616 --- [main] o.apache.catalina.core.StandardService   : Starting service [Tomcat]
2024-06-12T14:29:27.225+05:00  INFO 6616 --- [main] o.apache.catalina.core.StandardEngine    : Starting Servlet engine: [Apache Tomcat/10.1.15]
2024-06-12T14:29:27.450+05:00  INFO 6616 --- [main] o.a.c.c.C.[Tomcat].[localhost].[/api]    : Initializing Spring embedded WebApplicationContext
2024-06-12T14:29:27.451+05:00  INFO 6616 --- [main] w.s.c.ServletWebServerApplicationContext : Root WebApplicationContext: initialization completed in 5159 ms
2024-06-12T14:29:28.447+05:00  INFO 6616 --- [main] o.f.c.internal.license.VersionPrinter    : Flyway Community Edition 9.16.3 by Redgate
2024-06-12T14:29:28.448+05:00  INFO 6616 --- [main] o.f.c.internal.license.VersionPrinter    : See release notes here: https://rd.gt/416ObMi
2024-06-12T14:29:28.449+05:00  INFO 6616 --- [main] o.f.c.internal.license.VersionPrinter    : 
2024-06-12T14:29:30.407+05:00  INFO 6616 --- [main] o.f.c.i.database.base.BaseDatabaseType   : Database: jdbc:mysql://104.248.234.194:3306/db (MySQL 8.4)
2024-06-12T14:29:32.089+05:00  WARN 6616 --- [main] o.f.c.internal.database.base.Database    : Flyway upgrade recommended: MySQL 8.4 is newer than this version of Flyway and support has not been tested. The latest supported version of MySQL is 8.0.
2024-06-12T14:29:33.330+05:00  INFO 6616 --- [main] o.f.core.internal.command.DbValidate     : Successfully validated 6 migrations (execution time 00:01.062s)
2024-06-12T14:29:35.170+05:00  INFO 6616 --- [main] o.f.core.internal.command.DbMigrate      : Current version of schema `db`: 1.0.5
2024-06-12T14:29:35.336+05:00  INFO 6616 --- [main] o.f.core.internal.command.DbMigrate      : Schema `db` is up to date. No migration necessary.
2024-06-12T14:29:36.486+05:00  INFO 6616 --- [main] o.hibernate.jpa.internal.util.LogHelper  : HHH000204: Processing PersistenceUnitInfo [name: default]
2024-06-12T14:29:36.602+05:00  INFO 6616 --- [main] org.hibernate.Version                    : HHH000412: Hibernate ORM core version 6.2.13.Final
2024-06-12T14:29:36.607+05:00  INFO 6616 --- [main] org.hibernate.cfg.Environment            : HHH000406: Using bytecode reflection optimizer
2024-06-12T14:29:37.152+05:00  INFO 6616 --- [main] o.s.o.j.p.SpringPersistenceUnitInfo      : No LoadTimeWeaver setup: ignoring JPA class transformer
2024-06-12T14:29:37.197+05:00  INFO 6616 --- [main] com.zaxxer.hikari.HikariDataSource       : HikariPool-1 - Starting...
2024-06-12T14:29:38.921+05:00  INFO 6616 --- [main] com.zaxxer.hikari.pool.HikariPool        : HikariPool-1 - Added connection com.mysql.cj.jdbc.ConnectionImpl@63c6c5e5
2024-06-12T14:29:38.926+05:00  INFO 6616 --- [main] com.zaxxer.hikari.HikariDataSource       : HikariPool-1 - Start completed.
2024-06-12T14:29:39.315+05:00  WARN 6616 --- [main] org.hibernate.orm.deprecation            : HHH90000025: MySQLDialect does not need to be specified explicitly using 'hibernate.dialect' (remove the property setting and it will be selected by default)
2024-06-12T14:29:40.041+05:00  WARN 6616 --- [main] org.hibernate.orm.deprecation            : HHH90000021: Encountered deprecated setting [javax.persistence.schema-generation.scripts.action], use [jakarta.persistence.schema-generation.scripts.action] instead
2024-06-12T14:29:41.372+05:00  INFO 6616 --- [main] o.h.e.t.j.p.i.JtaPlatformInitiator       : HHH000489: No JTA platform available (set 'hibernate.transaction.jta.platform' to enable JTA platform integration)
2024-06-12T14:29:41.380+05:00  WARN 6616 --- [main] org.hibernate.orm.deprecation            : HHH90000021: Encountered deprecated setting [javax.persistence.schema-generation.scripts.action], use [jakarta.persistence.schema-generation.scripts.action] instead
2024-06-12T14:29:41.389+05:00  WARN 6616 --- [main] org.hibernate.orm.deprecation            : HHH90000021: Encountered deprecated setting [jakarta.persistence.schema-generation.scripts.drop-target], use [javax.persistence.schema-generation.scripts.drop-target] instead
2024-06-12T14:29:41.416+05:00  WARN 6616 --- [main] org.hibernate.orm.deprecation            : HHH90000021: Encountered deprecated setting [jakarta.persistence.schema-generation.scripts.create-target], use [javax.persistence.schema-generation.scripts.create-target] instead
2024-06-12T14:29:41.443+05:00  INFO 6616 --- [main] j.LocalContainerEntityManagerFactoryBean : Initialized JPA EntityManagerFactory for persistence unit 'default'
2024-06-12T14:29:42.644+05:00 DEBUG 6616 --- [main] o.s.w.f.ServerHttpObservationFilter      : Filter 'webMvcObservationFilter' configured for use
2024-06-12T14:29:43.354+05:00  INFO 6616 --- [main] o.s.d.j.r.query.QueryEnhancerFactory     : Hibernate is in classpath; If applicable, HQL parser will be used.
2024-06-12T14:29:46.131+05:00  WARN 6616 --- [main] JpaBaseConfiguration$JpaWebConfiguration : spring.jpa.open-in-view is enabled by default. Therefore, database queries may be performed during view rendering. Explicitly configure spring.jpa.open-in-view to disable this warning
2024-06-12T14:29:46.629+05:00 DEBUG 6616 --- [main] s.w.s.m.m.a.RequestMappingHandlerMapping : 41 mappings in 'requestMappingHandlerMapping'
2024-06-12T14:29:47.238+05:00 DEBUG 6616 --- [main] o.s.w.s.handler.SimpleUrlHandlerMapping  : Patterns [/webjars/**, /**, /swagger-ui*/*swagger-initializer.js, /swagger-ui*/**] in 'resourceHandlerMapping'
2024-06-12T14:29:47.548+05:00  INFO 6616 --- [main] o.s.b.a.e.web.EndpointLinksResolver      : Exposing 16 endpoint(s) beneath base path '/actuator'
2024-06-12T14:29:47.678+05:00  INFO 6616 --- [main] o.s.s.web.DefaultSecurityFilterChain     : Will secure any request with [org.springframework.security.web.session.DisableEncodeUrlFilter@6ba1a7fd, org.springframework.security.web.context.request.async.WebAsyncManagerIntegrationFilter@3a42b2b6, org.springframework.security.web.context.SecurityContextHolderFilter@572b031f, org.springframework.security.web.header.HeaderWriterFilter@2159137c, org.springframework.security.web.authentication.logout.LogoutFilter@2ebff011, com.kn.auth.config.JwtAuthenticationFilter@61fb3dae, org.springframework.security.web.savedrequest.RequestCacheAwareFilter@25daa0a0, org.springframework.security.web.servletapi.SecurityContextHolderAwareRequestFilter@4fb52fa5, org.springframework.security.web.authentication.AnonymousAuthenticationFilter@f35f81d, org.springframework.security.web.session.SessionManagementFilter@40b63796, org.springframework.security.web.access.ExceptionTranslationFilter@56ed0511, org.springframework.security.web.access.intercept.AuthorizationFilter@e02f48e]
2024-06-12T14:29:47.935+05:00 DEBUG 6616 --- [main] s.w.s.m.m.a.RequestMappingHandlerAdapter : ControllerAdvice beans: 0 @ModelAttribute, 0 @InitBinder, 1 RequestBodyAdvice, 1 ResponseBodyAdvice
2024-06-12T14:29:48.220+05:00 DEBUG 6616 --- [main] .m.m.a.ExceptionHandlerExceptionResolver : ControllerAdvice beans: 2 @ExceptionHandler, 1 ResponseBodyAdvice
2024-06-12T14:29:48.943+05:00  INFO 6616 --- [main] o.s.b.w.embedded.tomcat.TomcatWebServer  : Tomcat started on port(s): 8080 (http) with context path '/api'
2024-06-12T14:29:48.962+05:00  INFO 6616 --- [main] com.kn.auth.Application                  : Started Application in 27.824 seconds (process running for 28.991)
2024-06-12T14:30:04.951+05:00  INFO 6616 --- [http-nio-8080-exec-7] o.a.c.c.C.[Tomcat].[localhost].[/api]    : Initializing Spring DispatcherServlet 'dispatcherServlet'
2024-06-12T14:30:04.953+05:00  INFO 6616 --- [http-nio-8080-exec-7] o.s.web.servlet.DispatcherServlet        : Initializing Servlet 'dispatcherServlet'
2024-06-12T14:30:04.954+05:00 DEBUG 6616 --- [http-nio-8080-exec-7] o.s.web.servlet.DispatcherServlet        : Detected StandardServletMultipartResolver
2024-06-12T14:30:04.955+05:00 DEBUG 6616 --- [http-nio-8080-exec-7] o.s.web.servlet.DispatcherServlet        : Detected AcceptHeaderLocaleResolver
2024-06-12T14:30:04.956+05:00 DEBUG 6616 --- [http-nio-8080-exec-7] o.s.web.servlet.DispatcherServlet        : Detected FixedThemeResolver
2024-06-12T14:30:04.969+05:00 DEBUG 6616 --- [http-nio-8080-exec-7] o.s.web.servlet.DispatcherServlet        : Detected org.springframework.web.servlet.view.DefaultRequestToViewNameTranslator@5c4d30a5
2024-06-12T14:30:04.969+05:00 DEBUG 6616 --- [http-nio-8080-exec-7] o.s.web.servlet.DispatcherServlet        : Detected org.springframework.web.servlet.support.SessionFlashMapManager@1791d0ac
2024-06-12T14:30:04.974+05:00 DEBUG 6616 --- [http-nio-8080-exec-7] o.s.web.servlet.DispatcherServlet        : enableLoggingRequestDetails='false': request parameters and headers will be masked to prevent unsafe logging of potentially sensitive data
2024-06-12T14:30:04.975+05:00  INFO 6616 --- [http-nio-8080-exec-7] o.s.web.servlet.DispatcherServlet        : Completed initialization in 22 ms
2024-06-12T14:30:15.873+05:00 DEBUG 6616 --- [http-nio-8080-exec-7] s.w.s.m.m.a.RequestMappingHandlerMapping : Mapped to com.kn.auth.controllers.CartController#change(RequestEntity)
2024-06-12T14:30:15.877+05:00 DEBUG 6616 --- [http-nio-8080-exec-7] s.w.s.m.m.a.RequestMappingHandlerMapping : Mapped to com.kn.auth.controllers.CartController#change(RequestEntity)
2024-06-12T14:30:15.878+05:00 DEBUG 6616 --- [http-nio-8080-exec-7] s.w.s.m.m.a.RequestMappingHandlerMapping : Mapped to com.kn.auth.controllers.CartController#change(RequestEntity)
2024-06-12T14:30:15.881+05:00 DEBUG 6616 --- [http-nio-8080-exec-7] s.w.s.m.m.a.RequestMappingHandlerMapping : Mapped to com.kn.auth.controllers.CartController#change(RequestEntity)
2024-06-12T14:30:15.901+05:00 DEBUG 6616 --- [http-nio-8080-exec-7] o.s.web.servlet.DispatcherServlet        : POST "/api/private/buyer/cart/change", parameters={}
2024-06-12T14:30:15.906+05:00 DEBUG 6616 --- [http-nio-8080-exec-7] s.w.s.m.m.a.RequestMappingHandlerMapping : Mapped to com.kn.auth.controllers.CartController#change(RequestEntity)
2024-06-12T14:30:16.141+05:00 DEBUG 6616 --- [http-nio-8080-exec-7] o.s.w.s.m.m.a.HttpEntityMethodProcessor  : Read "application/json;charset=UTF-8" to [[CartItem(id=1603, cart=null, product=null, amount=3, createdTime=null)]]
2024-06-12T14:30:24.406+05:00 DEBUG 6616 --- [http-nio-8080-exec-7] o.s.w.s.m.m.a.HttpEntityMethodProcessor  : Using 'application/json', given [*/*] and supported [application/json, application/*+json]
2024-06-12T14:30:24.442+05:00 DEBUG 6616 --- [http-nio-8080-exec-7] o.s.w.s.m.m.a.HttpEntityMethodProcessor  : Writing [java.lang.StackOverflowError]
2024-06-12T14:30:25.352+05:00 DEBUG 6616 --- [http-nio-8080-exec-7] o.s.web.servlet.DispatcherServlet        : Completed 200 OK
2024-06-12T14:30:55.837+05:00  INFO 21500 --- [main] com.kn.auth.Application                  : Starting Application using Java 17.0.9 with PID 21500 (C:\Users\User\IdeaProjects\MarketPlace\awesome-ecommerce-project\service\Authorization\service\auth\build\classes\java\main started by User in C:\Users\User\IdeaProjects\MarketPlace\awesome-ecommerce-project\service\Authorization\service)
2024-06-12T14:30:55.841+05:00  INFO 21500 --- [main] com.kn.auth.Application                  : No active profile set, falling back to 1 default profile: "default"
2024-06-12T14:30:58.551+05:00  INFO 21500 --- [main] .s.d.r.c.RepositoryConfigurationDelegate : Bootstrapping Spring Data JPA repositories in DEFAULT mode.
2024-06-12T14:30:58.847+05:00  INFO 21500 --- [main] .s.d.r.c.RepositoryConfigurationDelegate : Finished Spring Data repository scanning in 277 ms. Found 19 JPA repository interfaces.
2024-06-12T14:31:01.270+05:00  INFO 21500 --- [main] o.s.b.w.embedded.tomcat.TomcatWebServer  : Tomcat initialized with port(s): 8080 (http)
2024-06-12T14:31:01.303+05:00  INFO 21500 --- [main] o.apache.catalina.core.StandardService   : Starting service [Tomcat]
2024-06-12T14:31:01.305+05:00  INFO 21500 --- [main] o.apache.catalina.core.StandardEngine    : Starting Servlet engine: [Apache Tomcat/10.1.15]
2024-06-12T14:31:01.538+05:00  INFO 21500 --- [main] o.a.c.c.C.[Tomcat].[localhost].[/api]    : Initializing Spring embedded WebApplicationContext
2024-06-12T14:31:01.539+05:00  INFO 21500 --- [main] w.s.c.ServletWebServerApplicationContext : Root WebApplicationContext: initialization completed in 5610 ms
2024-06-12T14:31:02.786+05:00  INFO 21500 --- [main] o.f.c.internal.license.VersionPrinter    : Flyway Community Edition 9.16.3 by Redgate
2024-06-12T14:31:02.786+05:00  INFO 21500 --- [main] o.f.c.internal.license.VersionPrinter    : See release notes here: https://rd.gt/416ObMi
2024-06-12T14:31:02.787+05:00  INFO 21500 --- [main] o.f.c.internal.license.VersionPrinter    : 
2024-06-12T14:31:04.777+05:00  INFO 21500 --- [main] o.f.c.i.database.base.BaseDatabaseType   : Database: jdbc:mysql://104.248.234.194:3306/db (MySQL 8.4)
2024-06-12T14:31:06.461+05:00  WARN 21500 --- [main] o.f.c.internal.database.base.Database    : Flyway upgrade recommended: MySQL 8.4 is newer than this version of Flyway and support has not been tested. The latest supported version of MySQL is 8.0.
2024-06-12T14:31:07.729+05:00  INFO 21500 --- [main] o.f.core.internal.command.DbValidate     : Successfully validated 6 migrations (execution time 00:01.088s)
2024-06-12T14:31:09.570+05:00  INFO 21500 --- [main] o.f.core.internal.command.DbMigrate      : Current version of schema `db`: 1.0.5
2024-06-12T14:31:09.736+05:00  INFO 21500 --- [main] o.f.core.internal.command.DbMigrate      : Schema `db` is up to date. No migration necessary.
2024-06-12T14:31:10.926+05:00  INFO 21500 --- [main] o.hibernate.jpa.internal.util.LogHelper  : HHH000204: Processing PersistenceUnitInfo [name: default]
2024-06-12T14:31:11.092+05:00  INFO 21500 --- [main] org.hibernate.Version                    : HHH000412: Hibernate ORM core version 6.2.13.Final
2024-06-12T14:31:11.098+05:00  INFO 21500 --- [main] org.hibernate.cfg.Environment            : HHH000406: Using bytecode reflection optimizer
2024-06-12T14:31:11.818+05:00  INFO 21500 --- [main] o.s.o.j.p.SpringPersistenceUnitInfo      : No LoadTimeWeaver setup: ignoring JPA class transformer
2024-06-12T14:31:11.910+05:00  INFO 21500 --- [main] com.zaxxer.hikari.HikariDataSource       : HikariPool-1 - Starting...
2024-06-12T14:31:13.611+05:00  INFO 21500 --- [main] com.zaxxer.hikari.pool.HikariPool        : HikariPool-1 - Added connection com.mysql.cj.jdbc.ConnectionImpl@ea0c99c
2024-06-12T14:31:13.618+05:00  INFO 21500 --- [main] com.zaxxer.hikari.HikariDataSource       : HikariPool-1 - Start completed.
2024-06-12T14:31:14.021+05:00  WARN 21500 --- [main] org.hibernate.orm.deprecation            : HHH90000025: MySQLDialect does not need to be specified explicitly using 'hibernate.dialect' (remove the property setting and it will be selected by default)
2024-06-12T14:31:14.864+05:00  WARN 21500 --- [main] org.hibernate.orm.deprecation            : HHH90000021: Encountered deprecated setting [javax.persistence.schema-generation.scripts.action], use [jakarta.persistence.schema-generation.scripts.action] instead
2024-06-12T14:31:16.333+05:00  INFO 21500 --- [main] o.h.e.t.j.p.i.JtaPlatformInitiator       : HHH000489: No JTA platform available (set 'hibernate.transaction.jta.platform' to enable JTA platform integration)
2024-06-12T14:31:16.343+05:00  WARN 21500 --- [main] org.hibernate.orm.deprecation            : HHH90000021: Encountered deprecated setting [javax.persistence.schema-generation.scripts.action], use [jakarta.persistence.schema-generation.scripts.action] instead
2024-06-12T14:31:16.359+05:00  WARN 21500 --- [main] org.hibernate.orm.deprecation            : HHH90000021: Encountered deprecated setting [jakarta.persistence.schema-generation.scripts.drop-target], use [javax.persistence.schema-generation.scripts.drop-target] instead
2024-06-12T14:31:16.393+05:00  WARN 21500 --- [main] org.hibernate.orm.deprecation            : HHH90000021: Encountered deprecated setting [jakarta.persistence.schema-generation.scripts.create-target], use [javax.persistence.schema-generation.scripts.create-target] instead
2024-06-12T14:31:16.423+05:00  INFO 21500 --- [main] j.LocalContainerEntityManagerFactoryBean : Initialized JPA EntityManagerFactory for persistence unit 'default'
2024-06-12T14:31:17.705+05:00 DEBUG 21500 --- [main] o.s.w.f.ServerHttpObservationFilter      : Filter 'webMvcObservationFilter' configured for use
2024-06-12T14:31:18.324+05:00  INFO 21500 --- [main] o.s.d.j.r.query.QueryEnhancerFactory     : Hibernate is in classpath; If applicable, HQL parser will be used.
2024-06-12T14:31:22.382+05:00  WARN 21500 --- [main] JpaBaseConfiguration$JpaWebConfiguration : spring.jpa.open-in-view is enabled by default. Therefore, database queries may be performed during view rendering. Explicitly configure spring.jpa.open-in-view to disable this warning
2024-06-12T14:31:22.950+05:00 DEBUG 21500 --- [main] s.w.s.m.m.a.RequestMappingHandlerMapping : 41 mappings in 'requestMappingHandlerMapping'
2024-06-12T14:31:23.705+05:00 DEBUG 21500 --- [main] o.s.w.s.handler.SimpleUrlHandlerMapping  : Patterns [/webjars/**, /**, /swagger-ui*/*swagger-initializer.js, /swagger-ui*/**] in 'resourceHandlerMapping'
2024-06-12T14:31:24.034+05:00  INFO 21500 --- [main] o.s.b.a.e.web.EndpointLinksResolver      : Exposing 16 endpoint(s) beneath base path '/actuator'
2024-06-12T14:31:24.164+05:00  INFO 21500 --- [main] o.s.s.web.DefaultSecurityFilterChain     : Will secure any request with [org.springframework.security.web.session.DisableEncodeUrlFilter@2de83c2c, org.springframework.security.web.context.request.async.WebAsyncManagerIntegrationFilter@4e792ddf, org.springframework.security.web.context.SecurityContextHolderFilter@2eed4dd6, org.springframework.security.web.header.HeaderWriterFilter@960a64a, org.springframework.security.web.authentication.logout.LogoutFilter@16ec2ffa, com.kn.auth.config.JwtAuthenticationFilter@6f67312d, org.springframework.security.web.savedrequest.RequestCacheAwareFilter@7625ce5a, org.springframework.security.web.servletapi.SecurityContextHolderAwareRequestFilter@5dd12d01, org.springframework.security.web.authentication.AnonymousAuthenticationFilter@67e28dad, org.springframework.security.web.session.SessionManagementFilter@2ef08ad0, org.springframework.security.web.access.ExceptionTranslationFilter@4dd5d2c2, org.springframework.security.web.access.intercept.AuthorizationFilter@6f4bafc2]
2024-06-12T14:31:24.485+05:00 DEBUG 21500 --- [main] s.w.s.m.m.a.RequestMappingHandlerAdapter : ControllerAdvice beans: 0 @ModelAttribute, 0 @InitBinder, 1 RequestBodyAdvice, 1 ResponseBodyAdvice
2024-06-12T14:31:24.633+05:00 DEBUG 21500 --- [main] .m.m.a.ExceptionHandlerExceptionResolver : ControllerAdvice beans: 2 @ExceptionHandler, 1 ResponseBodyAdvice
2024-06-12T14:31:25.397+05:00  INFO 21500 --- [main] o.s.b.w.embedded.tomcat.TomcatWebServer  : Tomcat started on port(s): 8080 (http) with context path '/api'
2024-06-12T14:31:25.429+05:00  INFO 21500 --- [main] com.kn.auth.Application                  : Started Application in 30.515 seconds (process running for 31.525)
2024-06-12T14:31:28.284+05:00  INFO 21500 --- [http-nio-8080-exec-1] o.a.c.c.C.[Tomcat].[localhost].[/api]    : Initializing Spring DispatcherServlet 'dispatcherServlet'
2024-06-12T14:31:28.286+05:00  INFO 21500 --- [http-nio-8080-exec-1] o.s.web.servlet.DispatcherServlet        : Initializing Servlet 'dispatcherServlet'
2024-06-12T14:31:28.287+05:00 DEBUG 21500 --- [http-nio-8080-exec-1] o.s.web.servlet.DispatcherServlet        : Detected StandardServletMultipartResolver
2024-06-12T14:31:28.288+05:00 DEBUG 21500 --- [http-nio-8080-exec-1] o.s.web.servlet.DispatcherServlet        : Detected AcceptHeaderLocaleResolver
2024-06-12T14:31:28.289+05:00 DEBUG 21500 --- [http-nio-8080-exec-1] o.s.web.servlet.DispatcherServlet        : Detected FixedThemeResolver
2024-06-12T14:31:28.291+05:00 DEBUG 21500 --- [http-nio-8080-exec-1] o.s.web.servlet.DispatcherServlet        : Detected org.springframework.web.servlet.view.DefaultRequestToViewNameTranslator@1464019a
2024-06-12T14:31:28.293+05:00 DEBUG 21500 --- [http-nio-8080-exec-1] o.s.web.servlet.DispatcherServlet        : Detected org.springframework.web.servlet.support.SessionFlashMapManager@534a5e70
2024-06-12T14:31:28.294+05:00 DEBUG 21500 --- [http-nio-8080-exec-1] o.s.web.servlet.DispatcherServlet        : enableLoggingRequestDetails='false': request parameters and headers will be masked to prevent unsafe logging of potentially sensitive data
2024-06-12T14:31:28.296+05:00  INFO 21500 --- [http-nio-8080-exec-1] o.s.web.servlet.DispatcherServlet        : Completed initialization in 9 ms
2024-06-12T14:31:36.060+05:00 DEBUG 21500 --- [http-nio-8080-exec-1] s.w.s.m.m.a.RequestMappingHandlerMapping : Mapped to com.kn.auth.controllers.CartController#change(RequestEntity)
2024-06-12T14:31:36.063+05:00 DEBUG 21500 --- [http-nio-8080-exec-1] s.w.s.m.m.a.RequestMappingHandlerMapping : Mapped to com.kn.auth.controllers.CartController#change(RequestEntity)
2024-06-12T14:31:36.065+05:00 DEBUG 21500 --- [http-nio-8080-exec-1] s.w.s.m.m.a.RequestMappingHandlerMapping : Mapped to com.kn.auth.controllers.CartController#change(RequestEntity)
2024-06-12T14:31:36.067+05:00 DEBUG 21500 --- [http-nio-8080-exec-1] s.w.s.m.m.a.RequestMappingHandlerMapping : Mapped to com.kn.auth.controllers.CartController#change(RequestEntity)
2024-06-12T14:31:36.084+05:00 DEBUG 21500 --- [http-nio-8080-exec-1] o.s.web.servlet.DispatcherServlet        : POST "/api/private/buyer/cart/change", parameters={}
2024-06-12T14:31:36.089+05:00 DEBUG 21500 --- [http-nio-8080-exec-1] s.w.s.m.m.a.RequestMappingHandlerMapping : Mapped to com.kn.auth.controllers.CartController#change(RequestEntity)
2024-06-12T14:31:36.222+05:00 DEBUG 21500 --- [http-nio-8080-exec-1] o.s.w.s.m.m.a.HttpEntityMethodProcessor  : Read "application/json;charset=UTF-8" to [[CartItem(id=1603, cart=null, product=null, amount=3, createdTime=null)]]
2024-06-12T14:31:44.493+05:00 DEBUG 21500 --- [http-nio-8080-exec-1] o.s.w.s.m.m.a.HttpEntityMethodProcessor  : Using 'application/json', given [*/*] and supported [application/json, application/*+json]
2024-06-12T14:31:44.534+05:00 DEBUG 21500 --- [http-nio-8080-exec-1] o.s.w.s.m.m.a.HttpEntityMethodProcessor  : Writing [java.lang.StackOverflowError]
2024-06-12T14:31:45.453+05:00 DEBUG 21500 --- [http-nio-8080-exec-1] o.s.web.servlet.DispatcherServlet        : Completed 200 OK
2024-06-12T14:31:56.897+05:00 DEBUG 21500 --- [http-nio-8080-exec-9] s.w.s.m.m.a.RequestMappingHandlerMapping : Mapped to com.kn.auth.controllers.CartController#change(RequestEntity)
2024-06-12T14:31:56.899+05:00 DEBUG 21500 --- [http-nio-8080-exec-9] s.w.s.m.m.a.RequestMappingHandlerMapping : Mapped to com.kn.auth.controllers.CartController#change(RequestEntity)
2024-06-12T14:31:56.900+05:00 DEBUG 21500 --- [http-nio-8080-exec-9] s.w.s.m.m.a.RequestMappingHandlerMapping : Mapped to com.kn.auth.controllers.CartController#change(RequestEntity)
2024-06-12T14:31:56.902+05:00 DEBUG 21500 --- [http-nio-8080-exec-9] s.w.s.m.m.a.RequestMappingHandlerMapping : Mapped to com.kn.auth.controllers.CartController#change(RequestEntity)
2024-06-12T14:31:56.904+05:00 DEBUG 21500 --- [http-nio-8080-exec-9] o.s.web.servlet.DispatcherServlet        : POST "/api/private/buyer/cart/change", parameters={}
2024-06-12T14:31:56.905+05:00 DEBUG 21500 --- [http-nio-8080-exec-9] s.w.s.m.m.a.RequestMappingHandlerMapping : Mapped to com.kn.auth.controllers.CartController#change(RequestEntity)
2024-06-12T14:31:56.906+05:00 DEBUG 21500 --- [http-nio-8080-exec-9] o.s.w.s.m.m.a.HttpEntityMethodProcessor  : Read "application/json;charset=UTF-8" to [[CartItem(id=1603, cart=null, product=null, amount=2, createdTime=null)]]
2024-06-12T14:32:04.835+05:00 DEBUG 21500 --- [http-nio-8080-exec-9] o.s.w.s.m.m.a.HttpEntityMethodProcessor  : Using 'application/json', given [*/*] and supported [application/json, application/*+json]
2024-06-12T14:32:04.875+05:00 DEBUG 21500 --- [http-nio-8080-exec-9] o.s.w.s.m.m.a.HttpEntityMethodProcessor  : Writing [java.lang.StackOverflowError]
2024-06-12T14:32:05.724+05:00 DEBUG 21500 --- [http-nio-8080-exec-9] o.s.web.servlet.DispatcherServlet        : Completed 200 OK
2024-06-12T14:32:20.654+05:00 DEBUG 21500 --- [http-nio-8080-exec-2] s.w.s.m.m.a.RequestMappingHandlerMapping : Mapped to com.kn.auth.controllers.CartController#change(RequestEntity)
2024-06-12T14:32:20.659+05:00 DEBUG 21500 --- [http-nio-8080-exec-2] s.w.s.m.m.a.RequestMappingHandlerMapping : Mapped to com.kn.auth.controllers.CartController#change(RequestEntity)
2024-06-12T14:32:20.661+05:00 DEBUG 21500 --- [http-nio-8080-exec-2] s.w.s.m.m.a.RequestMappingHandlerMapping : Mapped to com.kn.auth.controllers.CartController#change(RequestEntity)
2024-06-12T14:32:20.665+05:00 DEBUG 21500 --- [http-nio-8080-exec-2] s.w.s.m.m.a.RequestMappingHandlerMapping : Mapped to com.kn.auth.controllers.CartController#change(RequestEntity)
2024-06-12T14:32:20.677+05:00 DEBUG 21500 --- [http-nio-8080-exec-2] o.s.web.servlet.DispatcherServlet        : POST "/api/private/buyer/cart/change", parameters={}
2024-06-12T14:32:20.685+05:00 DEBUG 21500 --- [http-nio-8080-exec-2] s.w.s.m.m.a.RequestMappingHandlerMapping : Mapped to com.kn.auth.controllers.CartController#change(RequestEntity)
2024-06-12T14:32:20.700+05:00 DEBUG 21500 --- [http-nio-8080-exec-2] o.s.w.s.m.m.a.HttpEntityMethodProcessor  : Read "application/json;charset=UTF-8" to [[CartItem(id=1603, cart=null, product=null, amount=5, createdTime=null)]]
2024-06-12T14:32:28.767+05:00 DEBUG 21500 --- [http-nio-8080-exec-2] o.s.w.s.m.m.a.HttpEntityMethodProcessor  : Using 'application/json', given [*/*] and supported [application/json, application/*+json]
2024-06-12T14:32:28.811+05:00 DEBUG 21500 --- [http-nio-8080-exec-2] o.s.w.s.m.m.a.HttpEntityMethodProcessor  : Writing [java.lang.StackOverflowError]
2024-06-12T14:32:29.690+05:00 DEBUG 21500 --- [http-nio-8080-exec-2] o.s.web.servlet.DispatcherServlet        : Completed 200 OK
